<?xml version="1.0" encoding="UTF-8" standalone="no"?>
<testsuite errors="0" failures="4" name="io.cucumber.core.plugin.JUnitFormatter" skipped="0" tests="15" time="326.098">
<testcase classname="users could  make a registration on the website to create an account" name="User could register with valid data" time="22.014">
<system-out><![CDATA[Given user goto register page...............................................passed
When user fill personal details field.......................................passed
And user fill company details...............................................passed
And user fill password field................................................passed
And user click on register BTN..............................................passed
Then user registration successfully.........................................passed
]]></system-out>
</testcase>
<testcase classname="user could log in to his\her account" name="User could login with valid data" time="17.004">
<system-out><![CDATA[Given user goto login page..................................................passed
When user enter "ahmedatef@gmail.com" and "3459781232"......................passed
And user click on login BTN.................................................passed
Then user login successfully................................................passed
]]></system-out>
</testcase>
<testcase classname="user could reset his\her password" name="user could reset his\her password successfully" time="15.115">
<system-out><![CDATA[Given user open login page..................................................passed
When user click on forget password..........................................passed
And user write email "ahmedatef@gmail.com"..................................passed
And user click on recover button............................................passed
Then user get success massage...............................................passed
]]></system-out>
</testcase>
<testcase classname="logged users will be able to search for products with different parameters" name="user could search using product name" time="20.864">
<system-out><![CDATA[Given user goto login page..................................................passed
When user enter "ahmedatef@gmail.com" and "3459781232"......................passed
And user click on login BTN.................................................passed
Then user login successfully................................................passed
When user write product name "Apple"........................................passed
And user click on search BTN................................................passed
Then the search completed successfully and get "Apple"......................passed
]]></system-out>
</testcase>
<testcase classname="logged users will be able to search for products with different parameters" name="user could search using product sku" time="51.944">
<failure message="Timed out waiting for driver server to stop.&#10;Build info: version: '4.1.4', revision: '535d840ee2'&#10;System info: host: 'ATEFSMALL', ip: '192.168.100.13', os.name: 'Windows 10', os.arch: 'amd64', os.version: '10.0', java.version: '1.8.0_311'&#10;Driver info: org.openqa.selenium.chrome.ChromeDriver&#10;Command: [065ac4404adb9d32503950a9f553fd7c, quit {}]&#10;Capabilities {acceptInsecureCerts: false, browserName: chrome, browserVersion: 102.0.5005.115, chrome: {chromedriverVersion: 102.0.5005.61 (0e59bcc00cc4..., userDataDir: C:\Users\Magic\AppData\Loca...}, goog:chromeOptions: {debuggerAddress: localhost:53870}, javascriptEnabled: true, networkConnectionEnabled: false, pageLoadStrategy: normal, platform: WINDOWS, platformName: WINDOWS, proxy: Proxy(), se:cdp: ws://localhost:53870/devtoo..., se:cdpVersion: 102.0.5005.115, setWindowRect: true, strictFileInteractability: false, timeouts: {implicit: 0, pageLoad: 300000, script: 30000}, unhandledPromptBehavior: dismiss and notify, webauthn:extension:credBlob: true, webauthn:extension:largeBlob: true, webauthn:virtualAuthenticators: true}&#10;Session ID: 065ac4404adb9d32503950a9f553fd7c" type="org.openqa.selenium.WebDriverException"><![CDATA[Given user goto login page..................................................passed
When user enter "ahmedatef@gmail.com" and "3459781232"......................passed
And user click on login BTN.................................................passed
Then user login successfully................................................passed
When user write product sku "AP_MBP_13".....................................passed
And user click on search BTN................................................passed
And user select product.....................................................passed
Then the search completed successfully and get sku "AP_MBP_13"..............passed

StackTrace:
org.openqa.selenium.WebDriverException: Timed out waiting for driver server to stop.
Build info: version: '4.1.4', revision: '535d840ee2'
System info: host: 'ATEFSMALL', ip: '192.168.100.13', os.name: 'Windows 10', os.arch: 'amd64', os.version: '10.0', java.version: '1.8.0_311'
Driver info: org.openqa.selenium.chrome.ChromeDriver
Command: [065ac4404adb9d32503950a9f553fd7c, quit {}]
Capabilities {acceptInsecureCerts: false, browserName: chrome, browserVersion: 102.0.5005.115, chrome: {chromedriverVersion: 102.0.5005.61 (0e59bcc00cc4..., userDataDir: C:\Users\Magic\AppData\Loca...}, goog:chromeOptions: {debuggerAddress: localhost:53870}, javascriptEnabled: true, networkConnectionEnabled: false, pageLoadStrategy: normal, platform: WINDOWS, platformName: WINDOWS, proxy: Proxy(), se:cdp: ws://localhost:53870/devtoo..., se:cdpVersion: 102.0.5005.115, setWindowRect: true, strictFileInteractability: false, timeouts: {implicit: 0, pageLoad: 300000, script: 30000}, unhandledPromptBehavior: dismiss and notify, webauthn:extension:credBlob: true, webauthn:extension:largeBlob: true, webauthn:virtualAuthenticators: true}
Session ID: 065ac4404adb9d32503950a9f553fd7c
	at org.openqa.selenium.remote.service.DriverCommandExecutor.execute(DriverCommandExecutor.java:132)
	at org.openqa.selenium.remote.RemoteWebDriver.execute(RemoteWebDriver.java:567)
	at org.openqa.selenium.remote.RemoteWebDriver.execute(RemoteWebDriver.java:622)
	at org.openqa.selenium.remote.RemoteWebDriver.execute(RemoteWebDriver.java:626)
	at org.openqa.selenium.remote.RemoteWebDriver.quit(RemoteWebDriver.java:463)
	at org.openqa.selenium.chromium.ChromiumDriver.quit(ChromiumDriver.java:293)
	at org.example.stepDefinitions.Hooks.closeBrowser(Hooks.java:28)
Caused by: java.util.concurrent.ExecutionException: org.openqa.selenium.TimeoutException: Process timed out after waiting for 20000 ms.
Build info: version: '4.1.4', revision: '535d840ee2'
System info: host: 'ATEFSMALL', ip: '192.168.100.13', os.name: 'Windows 10', os.arch: 'amd64', os.version: '10.0', java.version: '1.8.0_311'
Driver info: driver.version: unknown
	at java.util.concurrent.CompletableFuture.reportGet(CompletableFuture.java:357)
	at java.util.concurrent.CompletableFuture.get(CompletableFuture.java:1928)
	at org.openqa.selenium.remote.service.DriverCommandExecutor.execute(DriverCommandExecutor.java:128)
	at org.openqa.selenium.remote.RemoteWebDriver.execute(RemoteWebDriver.java:567)
	at org.openqa.selenium.remote.RemoteWebDriver.execute(RemoteWebDriver.java:622)
	at org.openqa.selenium.remote.RemoteWebDriver.execute(RemoteWebDriver.java:626)
	at org.openqa.selenium.remote.RemoteWebDriver.quit(RemoteWebDriver.java:463)
	at org.openqa.selenium.chromium.ChromiumDriver.quit(ChromiumDriver.java:293)
	at org.example.stepDefinitions.Hooks.closeBrowser(Hooks.java:28)
	at sun.reflect.NativeMethodAccessorImpl.invoke0(Native Method)
	at sun.reflect.NativeMethodAccessorImpl.invoke(NativeMethodAccessorImpl.java:62)
	at sun.reflect.DelegatingMethodAccessorImpl.invoke(DelegatingMethodAccessorImpl.java:43)
	at java.lang.reflect.Method.invoke(Method.java:498)
	at io.cucumber.java.Invoker.doInvoke(Invoker.java:66)
	at io.cucumber.java.Invoker.invoke(Invoker.java:24)
	at io.cucumber.java.AbstractGlueDefinition.invokeMethod(AbstractGlueDefinition.java:47)
	at io.cucumber.java.JavaHookDefinition.execute(JavaHookDefinition.java:64)
	at io.cucumber.core.runner.CoreHookDefinition.execute(CoreHookDefinition.java:46)
	at io.cucumber.core.runner.HookDefinitionMatch.runStep(HookDefinitionMatch.java:21)
	at io.cucumber.core.runner.ExecutionMode$1.execute(ExecutionMode.java:10)
	at io.cucumber.core.runner.TestStep.executeStep(TestStep.java:85)
	at io.cucumber.core.runner.TestStep.run(TestStep.java:57)
	at io.cucumber.core.runner.TestCase.run(TestCase.java:90)
	at io.cucumber.core.runner.Runner.runPickle(Runner.java:75)
	at io.cucumber.junit.PickleRunners$NoStepDescriptions.lambda$run$0(PickleRunners.java:151)
	at io.cucumber.core.runtime.CucumberExecutionContext.lambda$runTestCase$5(CucumberExecutionContext.java:129)
	at io.cucumber.core.runtime.RethrowingThrowableCollector.executeAndThrow(RethrowingThrowableCollector.java:23)
	at io.cucumber.core.runtime.CucumberExecutionContext.runTestCase(CucumberExecutionContext.java:129)
	at io.cucumber.junit.PickleRunners$NoStepDescriptions.run(PickleRunners.java:148)
	at io.cucumber.junit.FeatureRunner.runChild(FeatureRunner.java:144)
	at io.cucumber.junit.FeatureRunner.runChild(FeatureRunner.java:28)
	at org.junit.runners.ParentRunner$4.run(ParentRunner.java:331)
	at org.junit.runners.ParentRunner$1.schedule(ParentRunner.java:79)
	at org.junit.runners.ParentRunner.runChildren(ParentRunner.java:329)
	at org.junit.runners.ParentRunner.access$100(ParentRunner.java:66)
	at org.junit.runners.ParentRunner$2.evaluate(ParentRunner.java:293)
	at org.junit.runners.ParentRunner$3.evaluate(ParentRunner.java:306)
	at org.junit.runners.ParentRunner.run(ParentRunner.java:413)
	at io.cucumber.junit.FeatureRunner.run(FeatureRunner.java:137)
	at io.cucumber.junit.Cucumber.runChild(Cucumber.java:196)
	at io.cucumber.junit.Cucumber.runChild(Cucumber.java:89)
	at org.junit.runners.ParentRunner$4.run(ParentRunner.java:331)
	at org.junit.runners.ParentRunner$1.schedule(ParentRunner.java:79)
	at org.junit.runners.ParentRunner.runChildren(ParentRunner.java:329)
	at org.junit.runners.ParentRunner.access$100(ParentRunner.java:66)
	at org.junit.runners.ParentRunner$2.evaluate(ParentRunner.java:293)
	at io.cucumber.junit.Cucumber$RunBeforeAllHooks.evaluate(Cucumber.java:266)
	at io.cucumber.junit.Cucumber$RunAfterAllHooks.evaluate(Cucumber.java:281)
	at io.cucumber.junit.Cucumber$StartTestRun.evaluate(Cucumber.java:233)
	at io.cucumber.junit.Cucumber$FinishTestRun.evaluate(Cucumber.java:248)
	at org.junit.runners.ParentRunner$3.evaluate(ParentRunner.java:306)
	at org.junit.runners.ParentRunner.run(ParentRunner.java:413)
	at org.junit.runner.JUnitCore.run(JUnitCore.java:137)
	at com.intellij.junit4.JUnit4IdeaTestRunner.startRunnerWithArgs(JUnit4IdeaTestRunner.java:69)
	at com.intellij.rt.junit.IdeaTestRunner$Repeater$1.execute(IdeaTestRunner.java:38)
	at com.intellij.rt.execution.junit.TestsRepeater.repeat(TestsRepeater.java:11)
	at com.intellij.rt.junit.IdeaTestRunner$Repeater.startRunnerWithArgs(IdeaTestRunner.java:35)
	at com.intellij.rt.junit.JUnitStarter.prepareStreamsAndStart(JUnitStarter.java:235)
	at com.intellij.rt.junit.JUnitStarter.main(JUnitStarter.java:54)
Caused by: org.openqa.selenium.TimeoutException: Process timed out after waiting for 20000 ms.
Build info: version: '4.1.4', revision: '535d840ee2'
System info: host: 'ATEFSMALL', ip: '192.168.100.13', os.name: 'Windows 10', os.arch: 'amd64', os.version: '10.0', java.version: '1.8.0_311'
Driver info: driver.version: unknown
	at org.openqa.selenium.os.OsProcess.waitFor(OsProcess.java:174)
	at org.openqa.selenium.os.CommandLine.waitFor(CommandLine.java:114)
	at org.openqa.selenium.remote.service.DriverCommandExecutor.lambda$execute$2(DriverCommandExecutor.java:122)
	at java.util.concurrent.CompletableFuture$AsyncSupply.run(CompletableFuture.java:1604)
	at java.util.concurrent.ThreadPoolExecutor.runWorker(ThreadPoolExecutor.java:1149)
	at java.util.concurrent.ThreadPoolExecutor$Worker.run(ThreadPoolExecutor.java:624)
	at java.lang.Thread.run(Thread.java:748)
]]></failure>
</testcase>
<testcase classname="logged user could switch between currencies" name="user could select currency" time="18.037">
<system-out><![CDATA[Given user goto login page..................................................passed
When user enter "ahmedatef@gmail.com" and "3459781232"......................passed
And user click on login BTN.................................................passed
Then user login successfully................................................passed
When user select currency...................................................passed
Then user change currency successfully......................................passed
]]></system-out>
</testcase>
<testcase classname="logged user could hover categories and select subcategory" name="user could hover categories" time="25.596">
<system-out><![CDATA[Given user goto login page..................................................passed
When user enter "ahmedatef@gmail.com" and "3459781232"......................passed
And user click on login BTN.................................................passed
Then user login successfully................................................passed
When user Hover Cat and select subCat.......................................passed
Then user could hover successfully..........................................passed
]]></system-out>
</testcase>
<testcase classname="users will be able to open sliders in home page" name="first slider is clickable on home page" time="13.24">
<failure message="expected [true] but found [false]" type="java.lang.AssertionError"><![CDATA[When click on the first slider..............................................passed
Then product of first slider is displayed...................................failed

StackTrace:
java.lang.AssertionError: expected [true] but found [false]
	at org.testng.Assert.fail(Assert.java:110)
	at org.testng.Assert.failNotEquals(Assert.java:1413)
	at org.testng.Assert.assertTrue(Assert.java:56)
	at org.testng.Assert.assertTrue(Assert.java:66)
	at org.example.stepDefinitions.SliderStepDef.first_product_details_opened(SliderStepDef.java:33)
	at ✽.product of first slider is displayed(file:///D:/Udacity/project2/src/main/resources/features/7_Slider.feature:6)
]]></failure>
</testcase>
<testcase classname="users will be able to open sliders in home page" name="second slider is clickable on home page" time="12.992">
<failure message="expected [true] but found [false]" type="java.lang.AssertionError"><![CDATA[When click on the second slider.............................................passed
Then product of second slider is displayed..................................failed

StackTrace:
java.lang.AssertionError: expected [true] but found [false]
	at org.testng.Assert.fail(Assert.java:110)
	at org.testng.Assert.failNotEquals(Assert.java:1413)
	at org.testng.Assert.assertTrue(Assert.java:56)
	at org.testng.Assert.assertTrue(Assert.java:66)
	at org.example.stepDefinitions.SliderStepDef.second_product_details_opened(SliderStepDef.java:41)
	at ✽.product of second slider is displayed(file:///D:/Udacity/project2/src/main/resources/features/7_Slider.feature:10)
]]></failure>
</testcase>
<testcase classname="logged users could open followUs links" name="user could open facebook link" time="27.405">
<system-out><![CDATA[Given user goto login page..................................................passed
When user enter "ahmedatef2011995@gmail.com" and "3459781232"...............passed
And user click on login BTN.................................................passed
Then user login successfully................................................passed
When user click on facebook icon............................................passed
Then "https://www.facebook.com/nopCommerce" is opened in new tab............passed
]]></system-out>
</testcase>
<testcase classname="logged users could open followUs links" name="user could open twitter link" time="20.169">
<system-out><![CDATA[Given user goto login page..................................................passed
When user enter "ahmedatef2011995@gmail.com" and "3459781232"...............passed
And user click on login BTN.................................................passed
Then user login successfully................................................passed
When user click on twitter icon.............................................passed
Then "https://twitter.com/nopCommerce" is opened in new tab.................passed
]]></system-out>
</testcase>
<testcase classname="logged users could open followUs links" name="user could open rss link" time="19.263">
<failure message="expected [https://www.rss.com/user/nopCommerce] but found [https://demo.nopcommerce.com/news/rss/1]" type="java.lang.AssertionError"><![CDATA[Given user goto login page..................................................passed
When user enter "ahmedatef2011995@gmail.com" and "3459781232"...............passed
And user click on login BTN.................................................passed
Then user login successfully................................................passed
When user click on rss icon.................................................passed
Then "https://www.rss.com/user/nopCommerce" is opened in new rss tab........failed

StackTrace:
java.lang.AssertionError: expected [https://www.rss.com/user/nopCommerce] but found [https://demo.nopcommerce.com/news/rss/1]
	at org.testng.Assert.fail(Assert.java:110)
	at org.testng.Assert.failNotEquals(Assert.java:1413)
	at org.testng.Assert.assertEqualsImpl(Assert.java:149)
	at org.testng.Assert.assertEquals(Assert.java:131)
	at org.testng.Assert.assertEquals(Assert.java:655)
	at org.testng.Assert.assertEquals(Assert.java:665)
	at org.example.stepDefinitions.FollowUsStepDef.user_open_new_rss_tab(FollowUsStepDef.java:63)
	at ✽."https://www.rss.com/user/nopCommerce" is opened in new rss tab(file:///D:/Udacity/project2/src/main/resources/features/8_FollowUs.feature:20)
]]></failure>
</testcase>
<testcase classname="logged users could open followUs links" name="user could open youtube link" time="30.599">
<system-out><![CDATA[Given user goto login page..................................................passed
When user enter "ahmedatef2011995@gmail.com" and "3459781232"...............passed
And user click on login BTN.................................................passed
Then user login successfully................................................passed
When user click on youtube icon.............................................passed
Then "https://www.youtube.com/user/nopCommerce" is opened in new tab........passed
]]></system-out>
</testcase>
<testcase classname="logged user could add products to wishlist" name="success massage is visible after adding product to wishlist" time="12.37">
<system-out><![CDATA[When user add product to wishlist...........................................passed
Then wishlist success notification is visible...............................passed
]]></system-out>
</testcase>
<testcase classname="logged user could add products to wishlist" name="number of wishlist item in home page is increased" time="18.756">
<system-out><![CDATA[When user add product to wishlist...........................................passed
When user click on wishlist link............................................passed
Then number of wishlist items increased.....................................passed
]]></system-out>
</testcase>
</testsuite>
